Started GET "/" for ::1 at 2016-11-12 14:22:11 +0000

ActiveRecord::PendingMigrationError - 

Migrations are pending. To resolve this issue, run:

	bin/rails db:migrate RAILS_ENV=development

:
  activerecord (5.0.0.1) lib/active_record/migration.rb:572:in `check_pending!'
  activerecord (5.0.0.1) lib/active_record/migration.rb:548:in `call'
  actionpack (5.0.0.1) lib/action_dispatch/middleware/callbacks.rb:38:in `block in call'
  activesupport (5.0.0.1) lib/active_support/callbacks.rb:97:in `__run_callbacks__'
  activesupport (5.0.0.1) lib/active_support/callbacks.rb:750:in `_run_call_callbacks'
  activesupport (5.0.0.1) lib/active_support/callbacks.rb:90:in `run_callbacks'
  actionpack (5.0.0.1) lib/action_dispatch/middleware/callbacks.rb:36:in `call'
  actionpack (5.0.0.1) lib/action_dispatch/middleware/executor.rb:12:in `call'
  actionpack (5.0.0.1) lib/action_dispatch/middleware/remote_ip.rb:79:in `call'
  better_errors (2.1.1) lib/better_errors/middleware.rb:84:in `protected_app_call'
  better_errors (2.1.1) lib/better_errors/middleware.rb:79:in `better_errors_call'
  better_errors (2.1.1) lib/better_errors/middleware.rb:57:in `call'
  actionpack (5.0.0.1) lib/action_dispatch/middleware/debug_exceptions.rb:49:in `call'
  web-console (3.3.1) lib/web_console/middleware.rb:131:in `call_app'
  web-console (3.3.1) lib/web_console/middleware.rb:28:in `block in call'
  web-console (3.3.1) lib/web_console/middleware.rb:18:in `catch'
  web-console (3.3.1) lib/web_console/middleware.rb:18:in `call'
  actionpack (5.0.0.1) lib/action_dispatch/middleware/show_exceptions.rb:31:in `call'
  railties (5.0.0.1) lib/rails/rack/logger.rb:36:in `call_app'
  railties (5.0.0.1) lib/rails/rack/logger.rb:24:in `block in call'
  activesupport (5.0.0.1) lib/active_support/tagged_logging.rb:70:in `block in tagged'
  activesupport (5.0.0.1) lib/active_support/tagged_logging.rb:26:in `tagged'
  activesupport (5.0.0.1) lib/active_support/tagged_logging.rb:70:in `tagged'
  railties (5.0.0.1) lib/rails/rack/logger.rb:24:in `call'
  sprockets-rails (3.2.0) lib/sprockets/rails/quiet_assets.rb:13:in `call'
  actionpack (5.0.0.1) lib/action_dispatch/middleware/request_id.rb:24:in `call'
  rack (2.0.1) lib/rack/method_override.rb:22:in `call'
  rack (2.0.1) lib/rack/runtime.rb:22:in `call'
  activesupport (5.0.0.1) lib/active_support/cache/strategy/local_cache_middleware.rb:28:in `call'
  actionpack (5.0.0.1) lib/action_dispatch/middleware/executor.rb:12:in `call'
  actionpack (5.0.0.1) lib/action_dispatch/middleware/static.rb:136:in `call'
  rack (2.0.1) lib/rack/sendfile.rb:111:in `call'
  railties (5.0.0.1) lib/rails/engine.rb:522:in `call'
  puma (3.6.0) lib/puma/configuration.rb:225:in `call'
  puma (3.6.0) lib/puma/server.rb:578:in `handle_request'
  puma (3.6.0) lib/puma/server.rb:415:in `process_client'
  puma (3.6.0) lib/puma/server.rb:275:in `block in run'
  puma (3.6.0) lib/puma/thread_pool.rb:116:in `block in spawn_thread'

Started POST "/__better_errors/69bf0ba381327b03/variables" for ::1 at 2016-11-12 14:22:11 +0000
  [1m[35m (27.3ms)[0m  [1m[35mCREATE TABLE "schema_migrations" ("version" varchar NOT NULL PRIMARY KEY)[0m
  [1m[35m (1.9ms)[0m  [1m[35mCREATE TABLE "ar_internal_metadata" ("key" varchar NOT NULL PRIMARY KEY, "value" varchar, "created_at" datetime NOT NULL, "updated_at" datetime NOT NULL)[0m
  [1m[36mActiveRecord::SchemaMigration Load (0.2ms)[0m  [1m[34mSELECT "schema_migrations".* FROM "schema_migrations"[0m
Migrating to DeviseCreateUsers (20140224203310)
  [1m[35m (0.1ms)[0m  [1m[36mbegin transaction[0m
DEPRECATION WARNING: Directly inheriting from ActiveRecord::Migration is deprecated. Please specify the Rails release the migration was written for:

  class DeviseCreateUsers < ActiveRecord::Migration[4.2] (called from migrate at /usr/local/opt/rbenv/versions/2.3.1/lib/ruby/gems/2.3.0/gems/activerecord-5.0.0.1/lib/active_record/migration/compatibility.rb:116)
  [1m[35m (0.8ms)[0m  [1m[35mCREATE TABLE "users" ("id" INTEGER PRIMARY KEY AUTOINCREMENT NOT NULL, "email" varchar DEFAULT '' NOT NULL, "encrypted_password" varchar DEFAULT '' NOT NULL, "reset_password_token" varchar, "reset_password_sent_at" datetime, "remember_created_at" datetime, "sign_in_count" integer DEFAULT 0 NOT NULL, "current_sign_in_at" datetime, "last_sign_in_at" datetime, "current_sign_in_ip" varchar, "last_sign_in_ip" varchar, "created_at" datetime, "updated_at" datetime)[0m
  [1m[35m (0.1ms)[0m  [1m[34mselect sqlite_version(*)[0m
  [1m[35m (0.2ms)[0m  [1m[35mCREATE UNIQUE INDEX "index_users_on_email" ON "users" ("email")[0m
  [1m[35m (0.1ms)[0m  [1m[34m            SELECT sql
            FROM sqlite_master
            WHERE name='index_users_on_email' AND type='index'
            UNION ALL
            SELECT sql
            FROM sqlite_temp_master
            WHERE name='index_users_on_email' AND type='index'
[0m
  [1m[35m (0.2ms)[0m  [1m[35mCREATE UNIQUE INDEX "index_users_on_reset_password_token" ON "users" ("reset_password_token")[0m
  [1m[35mSQL (0.3ms)[0m  [1m[32mINSERT INTO "schema_migrations" ("version") VALUES (?)[0m  [["version", "20140224203310"]]
  [1m[35m (1.9ms)[0m  [1m[36mcommit transaction[0m
Migrating to AddNameToUsers (20140224203311)
  [1m[35m (0.1ms)[0m  [1m[36mbegin transaction[0m
DEPRECATION WARNING: Directly inheriting from ActiveRecord::Migration is deprecated. Please specify the Rails release the migration was written for:

  class AddNameToUsers < ActiveRecord::Migration[4.2] (called from migrate at /usr/local/opt/rbenv/versions/2.3.1/lib/ruby/gems/2.3.0/gems/activerecord-5.0.0.1/lib/active_record/migration/compatibility.rb:116)
  [1m[35m (0.6ms)[0m  [1m[35mALTER TABLE "users" ADD "name" varchar[0m
  [1m[35mSQL (0.3ms)[0m  [1m[32mINSERT INTO "schema_migrations" ("version") VALUES (?)[0m  [["version", "20140224203311"]]
  [1m[35m (1.5ms)[0m  [1m[36mcommit transaction[0m
  [1m[36mActiveRecord::InternalMetadata Load (0.2ms)[0m  [1m[34mSELECT  "ar_internal_metadata".* FROM "ar_internal_metadata" WHERE "ar_internal_metadata"."key" = ? LIMIT ?[0m  [["key", :environment], ["LIMIT", 1]]
  [1m[35m (0.1ms)[0m  [1m[36mbegin transaction[0m
  [1m[35mSQL (0.4ms)[0m  [1m[32mINSERT INTO "ar_internal_metadata" ("key", "value", "created_at", "updated_at") VALUES (?, ?, ?, ?)[0m  [["key", "environment"], ["value", "development"], ["created_at", 2016-11-12 14:22:43 UTC], ["updated_at", 2016-11-12 14:22:43 UTC]]
  [1m[35m (1.5ms)[0m  [1m[36mcommit transaction[0m
  [1m[36mActiveRecord::SchemaMigration Load (0.1ms)[0m  [1m[34mSELECT "schema_migrations".* FROM "schema_migrations"[0m
  [1m[35m (0.2ms)[0m  [1m[34m            SELECT sql
            FROM sqlite_master
            WHERE name='index_users_on_reset_password_token' AND type='index'
            UNION ALL
            SELECT sql
            FROM sqlite_temp_master
            WHERE name='index_users_on_reset_password_token' AND type='index'
[0m
  [1m[35m (0.1ms)[0m  [1m[34m            SELECT sql
            FROM sqlite_master
            WHERE name='index_users_on_email' AND type='index'
            UNION ALL
            SELECT sql
            FROM sqlite_temp_master
            WHERE name='index_users_on_email' AND type='index'
[0m
Started GET "/" for ::1 at 2016-11-12 14:23:04 +0000
  [1m[36mActiveRecord::SchemaMigration Load (0.2ms)[0m  [1m[34mSELECT "schema_migrations".* FROM "schema_migrations"[0m
Processing by VisitorsController#index as HTML
  Rendering visitors/index.html.erb within layouts/application
  [1m[35m (0.1ms)[0m  [1m[34mSELECT COUNT(*) FROM "users"[0m
  Rendered visitors/index.html.erb within layouts/application (22.0ms)
  Rendered layouts/_navigation_links.html.erb (0.7ms)
  Rendered layouts/_nav_links_for_auth.html.erb (7.5ms)
  Rendered layouts/_navigation.html.erb (14.6ms)
  Rendered layouts/_messages.html.erb (0.8ms)
Completed 200 OK in 6219ms (Views: 6185.1ms | ActiveRecord: 0.5ms)


Started GET "/users/sign_up" for ::1 at 2016-11-12 14:24:21 +0000
Processing by Devise::RegistrationsController#new as HTML
  Rendering devise/registrations/new.html.erb within layouts/application
  Rendered devise/registrations/new.html.erb within layouts/application (974.4ms)
  Rendered layouts/_navigation_links.html.erb (0.9ms)
  Rendered layouts/_nav_links_for_auth.html.erb (4.4ms)
  Rendered layouts/_navigation.html.erb (11.9ms)
  Rendered layouts/_messages.html.erb (1.0ms)
Completed 200 OK in 1166ms (Views: 1127.8ms | ActiveRecord: 1.3ms)


Started POST "/users" for ::1 at 2016-11-12 14:24:53 +0000
Processing by Devise::RegistrationsController#create as HTML
  Parameters: {"utf8"=>"✓", "authenticity_token"=>"0FsXWM1D8Pj4ctM8b+AppdaPaJhJXltNgi0ZQdf+D+INhtekXUBQy4R6KtzoJ1pSMa7bTihi8U1BVZaS1g/I6A==", "user"=>{"name"=>"agata", "email"=>"react@username.com", "password"=>"[FILTERED]", "password_confirmation"=>"[FILTERED]"}, "commit"=>"Sign up"}
  [1m[35m (0.6ms)[0m  [1m[36mbegin transaction[0m
  [1m[36mUser Exists (0.3ms)[0m  [1m[34mSELECT  1 AS one FROM "users" WHERE "users"."email" = ? LIMIT ?[0m  [["email", "react@username.com"], ["LIMIT", 1]]
  [1m[35m (0.1ms)[0m  [1m[31mrollback transaction[0m
  Rendering devise/registrations/new.html.erb within layouts/application
  Rendered devise/registrations/new.html.erb within layouts/application (6.3ms)
  Rendered layouts/_navigation_links.html.erb (0.8ms)
  Rendered layouts/_nav_links_for_auth.html.erb (1.7ms)
  Rendered layouts/_navigation.html.erb (9.7ms)
  Rendered layouts/_messages.html.erb (1.1ms)
Completed 200 OK in 500ms (Views: 141.7ms | ActiveRecord: 1.0ms)


Started POST "/users" for ::1 at 2016-11-12 14:25:12 +0000
Processing by Devise::RegistrationsController#create as HTML
  Parameters: {"utf8"=>"✓", "authenticity_token"=>"Tfa5wztLtxJe9c8BK0chKmHe6JoXD/QL6MUCEipyZAC+7/aog8u6qbakfzrHx94l9Z3+mU2LEvW6udUmYav50Q==", "user"=>{"name"=>"agata", "email"=>"react@username.com", "password"=>"[FILTERED]", "password_confirmation"=>"[FILTERED]"}, "commit"=>"Sign up"}
  [1m[35m (0.1ms)[0m  [1m[36mbegin transaction[0m
  [1m[36mUser Exists (0.2ms)[0m  [1m[34mSELECT  1 AS one FROM "users" WHERE "users"."email" = ? LIMIT ?[0m  [["email", "react@username.com"], ["LIMIT", 1]]
  [1m[35mSQL (0.7ms)[0m  [1m[32mINSERT INTO "users" ("email", "encrypted_password", "created_at", "updated_at", "name") VALUES (?, ?, ?, ?, ?)[0m  [["email", "react@username.com"], ["encrypted_password", "$2a$11$QIg5EqittL3ybI9vLiOhJejXmr5zTH141pvNdP5GBBQQvqyYzalAW"], ["created_at", 2016-11-12 14:25:12 UTC], ["updated_at", 2016-11-12 14:25:12 UTC], ["name", "agata"]]
  [1m[35m (2.8ms)[0m  [1m[36mcommit transaction[0m
  [1m[35m (0.2ms)[0m  [1m[36mbegin transaction[0m
  [1m[35mSQL (0.5ms)[0m  [1m[33mUPDATE "users" SET "sign_in_count" = ?, "current_sign_in_at" = ?, "last_sign_in_at" = ?, "current_sign_in_ip" = ?, "last_sign_in_ip" = ?, "updated_at" = ? WHERE "users"."id" = ?[0m  [["sign_in_count", 1], ["current_sign_in_at", 2016-11-12 14:25:12 UTC], ["last_sign_in_at", 2016-11-12 14:25:12 UTC], ["current_sign_in_ip", "::1"], ["last_sign_in_ip", "::1"], ["updated_at", 2016-11-12 14:25:12 UTC], ["id", 1]]
  [1m[35m (1.4ms)[0m  [1m[36mcommit transaction[0m
Redirected to http://localhost:3000/
Completed 302 Found in 243ms (ActiveRecord: 6.0ms)


Started GET "/" for ::1 at 2016-11-12 14:25:12 +0000
Processing by VisitorsController#index as HTML
  Rendering visitors/index.html.erb within layouts/application
  [1m[35m (1.3ms)[0m  [1m[34mSELECT COUNT(*) FROM "users"[0m
  Rendered visitors/index.html.erb within layouts/application (5.0ms)
  Rendered layouts/_navigation_links.html.erb (0.8ms)
  [1m[36mUser Load (0.3ms)[0m  [1m[34mSELECT  "users".* FROM "users" WHERE "users"."id" = ? ORDER BY "users"."id" ASC LIMIT ?[0m  [["id", 1], ["LIMIT", 1]]
  Rendered layouts/_nav_links_for_auth.html.erb (3.1ms)
  Rendered layouts/_navigation.html.erb (11.0ms)
  Rendered layouts/_messages.html.erb (1.0ms)
Completed 200 OK in 133ms (Views: 128.8ms | ActiveRecord: 1.6ms)


Started GET "/users/edit" for ::1 at 2016-11-12 14:25:31 +0000
Processing by Devise::RegistrationsController#edit as HTML
  [1m[36mUser Load (0.3ms)[0m  [1m[34mSELECT  "users".* FROM "users" WHERE "users"."id" = ? ORDER BY "users"."id" ASC LIMIT ?[0m  [["id", 1], ["LIMIT", 1]]
  Rendering devise/registrations/edit.html.erb within layouts/application
  Rendered devise/registrations/edit.html.erb within layouts/application (9.7ms)
  Rendered layouts/_navigation_links.html.erb (0.8ms)
  Rendered layouts/_nav_links_for_auth.html.erb (1.2ms)
  Rendered layouts/_navigation.html.erb (8.5ms)
  Rendered layouts/_messages.html.erb (0.9ms)
Completed 200 OK in 160ms (Views: 151.9ms | ActiveRecord: 0.3ms)


Started GET "/" for ::1 at 2016-11-12 14:25:33 +0000
Processing by VisitorsController#index as HTML
  Rendering visitors/index.html.erb within layouts/application
  [1m[35m (0.2ms)[0m  [1m[34mSELECT COUNT(*) FROM "users"[0m
  Rendered visitors/index.html.erb within layouts/application (2.1ms)
  Rendered layouts/_navigation_links.html.erb (0.9ms)
  [1m[36mUser Load (0.3ms)[0m  [1m[34mSELECT  "users".* FROM "users" WHERE "users"."id" = ? ORDER BY "users"."id" ASC LIMIT ?[0m  [["id", 1], ["LIMIT", 1]]
  Rendered layouts/_nav_links_for_auth.html.erb (2.9ms)
  Rendered layouts/_navigation.html.erb (10.0ms)
  Rendered layouts/_messages.html.erb (0.9ms)
Completed 200 OK in 118ms (Views: 114.1ms | ActiveRecord: 0.5ms)


Started GET "/" for ::1 at 2016-11-12 15:16:33 +0000
  [1m[36mActiveRecord::SchemaMigration Load (0.2ms)[0m  [1m[34mSELECT "schema_migrations".* FROM "schema_migrations"[0m
Processing by VisitorsController#index as HTML
  Rendering visitors/index.html.erb within layouts/application
  [1m[35m (0.3ms)[0m  [1m[34mSELECT COUNT(*) FROM "users"[0m
  Rendered visitors/index.html.erb within layouts/application (15.4ms)
  Rendered layouts/_navigation_links.html.erb (1.1ms)
  [1m[36mUser Load (0.3ms)[0m  [1m[34mSELECT  "users".* FROM "users" WHERE "users"."id" = ? ORDER BY "users"."id" ASC LIMIT ?[0m  [["id", 1], ["LIMIT", 1]]
  Rendered layouts/_nav_links_for_auth.html.erb (27.6ms)
  Rendered layouts/_navigation.html.erb (36.4ms)
  Rendered layouts/_messages.html.erb (1.1ms)
Completed 200 OK in 644ms (Views: 602.3ms | ActiveRecord: 1.6ms)


Started GET "/" for ::1 at 2016-11-12 15:16:35 +0000
Processing by VisitorsController#index as HTML
  Rendering visitors/index.html.erb within layouts/application
  [1m[35m (0.2ms)[0m  [1m[34mSELECT COUNT(*) FROM "users"[0m
  Rendered visitors/index.html.erb within layouts/application (1.9ms)
  Rendered layouts/_navigation_links.html.erb (0.8ms)
  [1m[36mUser Load (0.3ms)[0m  [1m[34mSELECT  "users".* FROM "users" WHERE "users"."id" = ? ORDER BY "users"."id" ASC LIMIT ?[0m  [["id", 1], ["LIMIT", 1]]
  Rendered layouts/_nav_links_for_auth.html.erb (4.0ms)
  Rendered layouts/_navigation.html.erb (12.5ms)
  Rendered layouts/_messages.html.erb (1.3ms)
Completed 200 OK in 157ms (Views: 154.0ms | ActiveRecord: 0.5ms)


Started GET "/pages/about" for ::1 at 2016-11-12 15:16:36 +0000
Processing by HighVoltage::PagesController#show as HTML
  Parameters: {"id"=>"about"}
  Rendering pages/about.html.erb within layouts/application
  Rendered pages/about.html.erb within layouts/application (0.8ms)
  Rendered layouts/_navigation_links.html.erb (1.0ms)
  [1m[36mUser Load (0.3ms)[0m  [1m[34mSELECT  "users".* FROM "users" WHERE "users"."id" = ? ORDER BY "users"."id" ASC LIMIT ?[0m  [["id", 1], ["LIMIT", 1]]
  Rendered layouts/_nav_links_for_auth.html.erb (3.0ms)
  Rendered layouts/_navigation.html.erb (10.4ms)
  Rendered layouts/_messages.html.erb (0.9ms)
Completed 200 OK in 144ms (Views: 142.3ms | ActiveRecord: 0.3ms)


Started GET "/users/edit" for ::1 at 2016-11-12 15:16:37 +0000
Processing by Devise::RegistrationsController#edit as HTML
  [1m[36mUser Load (0.3ms)[0m  [1m[34mSELECT  "users".* FROM "users" WHERE "users"."id" = ? ORDER BY "users"."id" ASC LIMIT ?[0m  [["id", 1], ["LIMIT", 1]]
  Rendering devise/registrations/edit.html.erb within layouts/application
  Rendered devise/registrations/edit.html.erb within layouts/application (767.2ms)
  Rendered layouts/_navigation_links.html.erb (0.9ms)
  Rendered layouts/_nav_links_for_auth.html.erb (1.1ms)
  Rendered layouts/_navigation.html.erb (10.1ms)
  Rendered layouts/_messages.html.erb (0.9ms)
Completed 200 OK in 903ms (Views: 898.5ms | ActiveRecord: 0.3ms)


Started GET "/users" for ::1 at 2016-11-12 15:16:38 +0000
Processing by UsersController#index as HTML
  [1m[36mUser Load (0.3ms)[0m  [1m[34mSELECT  "users".* FROM "users" WHERE "users"."id" = ? ORDER BY "users"."id" ASC LIMIT ?[0m  [["id", 1], ["LIMIT", 1]]
  Rendering users/index.html.erb within layouts/application
  [1m[36mUser Load (0.3ms)[0m  [1m[34mSELECT "users".* FROM "users"[0m
  Rendered users/_user.html.erb (2.6ms)
  Rendered users/index.html.erb within layouts/application (8.2ms)
  Rendered layouts/_navigation_links.html.erb (0.9ms)
  Rendered layouts/_nav_links_for_auth.html.erb (1.2ms)
  Rendered layouts/_navigation.html.erb (8.1ms)
  Rendered layouts/_messages.html.erb (0.9ms)
Completed 200 OK in 163ms (Views: 154.6ms | ActiveRecord: 0.6ms)


Started GET "/" for ::1 at 2016-11-12 15:17:14 +0000
Processing by VisitorsController#index as HTML
  Rendering visitors/index.html.erb within layouts/application
  [1m[35m (0.2ms)[0m  [1m[34mSELECT COUNT(*) FROM "users"[0m
  Rendered visitors/index.html.erb within layouts/application (2.3ms)
  Rendered layouts/_navigation_links.html.erb (0.8ms)
  [1m[36mUser Load (0.4ms)[0m  [1m[34mSELECT  "users".* FROM "users" WHERE "users"."id" = ? ORDER BY "users"."id" ASC LIMIT ?[0m  [["id", 1], ["LIMIT", 1]]
  Rendered layouts/_nav_links_for_auth.html.erb (3.1ms)
  Rendered layouts/_navigation.html.erb (10.1ms)
  Rendered layouts/_messages.html.erb (0.9ms)
Completed 200 OK in 116ms (Views: 110.8ms | ActiveRecord: 0.6ms)


Started GET "/" for ::1 at 2016-11-12 16:11:49 +0000
  [1m[36mActiveRecord::SchemaMigration Load (20.7ms)[0m  [1m[34mSELECT "schema_migrations".* FROM "schema_migrations"[0m
Processing by VisitorsController#index as HTML
  Rendering visitors/index.html.erb within layouts/application
  [1m[35m (40.9ms)[0m  [1m[34mSELECT COUNT(*) FROM "users"[0m
  Rendered visitors/index.html.erb within layouts/application (62.5ms)
  Rendered layouts/_navigation_links.html.erb (1.0ms)
  [1m[36mUser Load (0.7ms)[0m  [1m[34mSELECT  "users".* FROM "users" WHERE "users"."id" = ? ORDER BY "users"."id" ASC LIMIT ?[0m  [["id", 1], ["LIMIT", 1]]
  Rendered layouts/_nav_links_for_auth.html.erb (58.0ms)
  Rendered layouts/_navigation.html.erb (66.2ms)
  Rendered layouts/_messages.html.erb (1.0ms)
Completed 200 OK in 1225ms (Views: 1136.1ms | ActiveRecord: 42.7ms)


Started GET "/" for ::1 at 2016-11-12 16:11:54 +0000
Processing by VisitorsController#index as HTML
  Rendering visitors/index.html.erb within layouts/application
  [1m[35m (0.3ms)[0m  [1m[34mSELECT COUNT(*) FROM "users"[0m
  Rendered visitors/index.html.erb within layouts/application (2.5ms)
  Rendered layouts/_navigation_links.html.erb (0.8ms)
  [1m[36mUser Load (0.3ms)[0m  [1m[34mSELECT  "users".* FROM "users" WHERE "users"."id" = ? ORDER BY "users"."id" ASC LIMIT ?[0m  [["id", 1], ["LIMIT", 1]]
  Rendered layouts/_nav_links_for_auth.html.erb (3.8ms)
  Rendered layouts/_navigation.html.erb (12.2ms)
  Rendered layouts/_messages.html.erb (1.3ms)
Completed 200 OK in 162ms (Views: 158.9ms | ActiveRecord: 0.6ms)


Started GET "/pages/about" for ::1 at 2016-11-12 16:11:55 +0000
Processing by HighVoltage::PagesController#show as HTML
  Parameters: {"id"=>"about"}
  Rendering pages/about.html.erb within layouts/application
  Rendered pages/about.html.erb within layouts/application (0.7ms)
  Rendered layouts/_navigation_links.html.erb (1.3ms)
  [1m[36mUser Load (0.3ms)[0m  [1m[34mSELECT  "users".* FROM "users" WHERE "users"."id" = ? ORDER BY "users"."id" ASC LIMIT ?[0m  [["id", 1], ["LIMIT", 1]]
  Rendered layouts/_nav_links_for_auth.html.erb (3.1ms)
  Rendered layouts/_navigation.html.erb (11.8ms)
  Rendered layouts/_messages.html.erb (0.9ms)
Completed 200 OK in 161ms (Views: 158.8ms | ActiveRecord: 0.3ms)


Started GET "/" for ::1 at 2016-11-12 16:11:58 +0000
Processing by VisitorsController#index as HTML
  Rendering visitors/index.html.erb within layouts/application
  [1m[35m (0.2ms)[0m  [1m[34mSELECT COUNT(*) FROM "users"[0m
  Rendered visitors/index.html.erb within layouts/application (2.2ms)
  Rendered layouts/_navigation_links.html.erb (0.8ms)
  [1m[36mUser Load (0.3ms)[0m  [1m[34mSELECT  "users".* FROM "users" WHERE "users"."id" = ? ORDER BY "users"."id" ASC LIMIT ?[0m  [["id", 1], ["LIMIT", 1]]
  Rendered layouts/_nav_links_for_auth.html.erb (2.7ms)
  Rendered layouts/_navigation.html.erb (9.5ms)
  Rendered layouts/_messages.html.erb (0.8ms)
Completed 200 OK in 142ms (Views: 122.7ms | ActiveRecord: 0.4ms)


Started DELETE "/users/sign_out" for ::1 at 2016-11-12 16:11:59 +0000
Processing by Devise::SessionsController#destroy as HTML
  Parameters: {"authenticity_token"=>"l3DoEFaR9x1Tt3oNSi+AgIGqRgUQwZl3TlLVwwCLNc1kaad77hH6prvmyjamr3+PFelQBkpFf4kcLgL3S1KoHA=="}
  [1m[36mUser Load (0.3ms)[0m  [1m[34mSELECT  "users".* FROM "users" WHERE "users"."id" = ? ORDER BY "users"."id" ASC LIMIT ?[0m  [["id", 1], ["LIMIT", 1]]
  [1m[35m (0.1ms)[0m  [1m[36mbegin transaction[0m
  [1m[35m (0.1ms)[0m  [1m[36mcommit transaction[0m
Redirected to http://localhost:3000/
Completed 302 Found in 865ms (ActiveRecord: 0.5ms)


Started GET "/" for ::1 at 2016-11-12 16:12:00 +0000
Processing by VisitorsController#index as HTML
  Rendering visitors/index.html.erb within layouts/application
  [1m[35m (0.2ms)[0m  [1m[34mSELECT COUNT(*) FROM "users"[0m
  Rendered visitors/index.html.erb within layouts/application (7.0ms)
  Rendered layouts/_navigation_links.html.erb (0.9ms)
  Rendered layouts/_nav_links_for_auth.html.erb (8.1ms)
  Rendered layouts/_navigation.html.erb (15.1ms)
  Rendered layouts/_messages.html.erb (1.0ms)
Completed 200 OK in 127ms (Views: 123.8ms | ActiveRecord: 0.2ms)


Started GET "/users/sign_in" for ::1 at 2016-11-12 16:12:04 +0000
Processing by Devise::SessionsController#new as HTML
  Rendering devise/sessions/new.html.erb within layouts/application
  Rendered devise/sessions/new.html.erb within layouts/application (76.4ms)
  Rendered layouts/_navigation_links.html.erb (1.1ms)
  Rendered layouts/_nav_links_for_auth.html.erb (1.4ms)
  Rendered layouts/_navigation.html.erb (8.7ms)
  Rendered layouts/_messages.html.erb (0.9ms)
Completed 200 OK in 209ms (Views: 207.2ms | ActiveRecord: 0.0ms)


Started POST "/users/sign_in" for ::1 at 2016-11-12 16:12:06 +0000
Processing by Devise::SessionsController#create as HTML
  Parameters: {"utf8"=>"✓", "authenticity_token"=>"Ot1CVsR3Jn/VUcELOZAh9PWUC0PCtu2waF0TB2ZafowZeXtu3RLsC+LpZJmsadX4xF2aYC0e8bYVV13SLRY+yw==", "user"=>{"email"=>"deanfoulds@gmail.com", "password"=>"[FILTERED]", "remember_me"=>"0"}, "commit"=>"Sign in"}
  [1m[36mUser Load (13.4ms)[0m  [1m[34mSELECT  "users".* FROM "users" WHERE "users"."email" = ? ORDER BY "users"."id" ASC LIMIT ?[0m  [["email", "deanfoulds@gmail.com"], ["LIMIT", 1]]
Completed 401 Unauthorized in 48ms (ActiveRecord: 13.4ms)


Processing by Devise::SessionsController#new as HTML
  Parameters: {"utf8"=>"✓", "authenticity_token"=>"Ot1CVsR3Jn/VUcELOZAh9PWUC0PCtu2waF0TB2ZafowZeXtu3RLsC+LpZJmsadX4xF2aYC0e8bYVV13SLRY+yw==", "user"=>{"email"=>"deanfoulds@gmail.com", "password"=>"[FILTERED]", "remember_me"=>"0"}, "commit"=>"Sign in"}
  Rendering devise/sessions/new.html.erb within layouts/application
  Rendered devise/sessions/new.html.erb within layouts/application (4.6ms)
  Rendered layouts/_navigation_links.html.erb (0.8ms)
  Rendered layouts/_nav_links_for_auth.html.erb (1.3ms)
  Rendered layouts/_navigation.html.erb (8.4ms)
  Rendered layouts/_messages.html.erb (1.0ms)
Completed 200 OK in 365ms (Views: 109.4ms | ActiveRecord: 0.0ms)


Started GET "/users/sign_up" for ::1 at 2016-11-12 16:12:11 +0000
Processing by Devise::RegistrationsController#new as HTML
  Rendering devise/registrations/new.html.erb within layouts/application
  Rendered devise/registrations/new.html.erb within layouts/application (5.4ms)
  Rendered layouts/_navigation_links.html.erb (0.8ms)
  Rendered layouts/_nav_links_for_auth.html.erb (1.5ms)
  Rendered layouts/_navigation.html.erb (8.5ms)
  Rendered layouts/_messages.html.erb (0.9ms)
Completed 200 OK in 136ms (Views: 133.5ms | ActiveRecord: 0.0ms)


Started GET "/pages/about" for ::1 at 2016-11-12 16:15:36 +0000
Processing by HighVoltage::PagesController#show as HTML
  Parameters: {"id"=>"about"}
  Rendering pages/about.html.erb within layouts/application
  Rendered pages/about.html.erb within layouts/application (5010.8ms)
  Rendered layouts/_navigation_links.html.erb (0.9ms)
  Rendered layouts/_nav_links_for_auth.html.erb (1.4ms)
  Rendered layouts/_navigation.html.erb (8.8ms)
  Rendered layouts/_messages.html.erb (0.8ms)
Completed 200 OK in 5107ms (Views: 5106.3ms | ActiveRecord: 0.0ms)


Started GET "/pages/about" for ::1 at 2016-11-12 16:16:01 +0000
Processing by HighVoltage::PagesController#show as HTML
  Parameters: {"id"=>"about"}
  Rendering pages/about.html.erb within layouts/application
  Rendered pages/about.html.erb within layouts/application (5010.4ms)
  Rendered layouts/_navigation_links.html.erb (0.8ms)
  Rendered layouts/_nav_links_for_auth.html.erb (1.5ms)
  Rendered layouts/_navigation.html.erb (8.3ms)
  Rendered layouts/_messages.html.erb (0.9ms)
Completed 200 OK in 5093ms (Views: 5092.2ms | ActiveRecord: 0.0ms)


Started GET "/pages/about" for ::1 at 2016-11-12 16:19:56 +0000
  [1m[36mActiveRecord::SchemaMigration Load (0.2ms)[0m  [1m[34mSELECT "schema_migrations".* FROM "schema_migrations"[0m
Processing by HighVoltage::PagesController#show as HTML
  Parameters: {"id"=>"about"}
  Rendering pages/about.html.erb within layouts/application
  Rendered pages/about.html.erb within layouts/application (165.5ms)
Completed 500 Internal Server Error in 248ms (ActiveRecord: 0.0ms)


DEPRECATION WARNING: #original_exception is deprecated. Use #cause instead. (called from initialize at /usr/local/opt/rbenv/versions/2.3.1/lib/ruby/gems/2.3.0/gems/better_errors-2.1.1/lib/better_errors/raised_exception.rb:7)
DEPRECATION WARNING: #original_exception is deprecated. Use #cause instead. (called from initialize at /usr/local/opt/rbenv/versions/2.3.1/lib/ruby/gems/2.3.0/gems/better_errors-2.1.1/lib/better_errors/raised_exception.rb:8)

NoMethodError - undefined method `countdown' for #<#<Class:0x007fcd2e108760>:0x007fcd2e0f18a8>:
  app/views/pages/about.html.erb:6:in `_app_views_pages_about_html_erb___2986947405366809929_70259608800800'
  actionview (5.0.0.1) lib/action_view/template.rb:158:in `block in render'
  activesupport (5.0.0.1) lib/active_support/notifications.rb:166:in `instrument'
  actionview (5.0.0.1) lib/action_view/template.rb:348:in `instrument'
  actionview (5.0.0.1) lib/action_view/template.rb:156:in `render'
  actionview (5.0.0.1) lib/action_view/renderer/template_renderer.rb:54:in `block (2 levels) in render_template'
  actionview (5.0.0.1) lib/action_view/renderer/abstract_renderer.rb:42:in `block in instrument'
  activesupport (5.0.0.1) lib/active_support/notifications.rb:164:in `block in instrument'
  activesupport (5.0.0.1) lib/active_support/notifications/instrumenter.rb:21:in `instrument'
  activesupport (5.0.0.1) lib/active_support/notifications.rb:164:in `instrument'
  actionview (5.0.0.1) lib/action_view/renderer/abstract_renderer.rb:41:in `instrument'
  actionview (5.0.0.1) lib/action_view/renderer/template_renderer.rb:53:in `block in render_template'
  actionview (5.0.0.1) lib/action_view/renderer/template_renderer.rb:61:in `render_with_layout'
  actionview (5.0.0.1) lib/action_view/renderer/template_renderer.rb:52:in `render_template'
  actionview (5.0.0.1) lib/action_view/renderer/template_renderer.rb:14:in `render'
  actionview (5.0.0.1) lib/action_view/renderer/renderer.rb:42:in `render_template'
  actionview (5.0.0.1) lib/action_view/renderer/renderer.rb:23:in `render'
  actionview (5.0.0.1) lib/action_view/rendering.rb:103:in `_render_template'
  actionpack (5.0.0.1) lib/action_controller/metal/streaming.rb:217:in `_render_template'
  actionview (5.0.0.1) lib/action_view/rendering.rb:83:in `render_to_body'
  actionpack (5.0.0.1) lib/action_controller/metal/rendering.rb:52:in `render_to_body'
  actionpack (5.0.0.1) lib/action_controller/metal/renderers.rb:144:in `render_to_body'
  actionpack (5.0.0.1) lib/abstract_controller/rendering.rb:26:in `render'
  actionpack (5.0.0.1) lib/action_controller/metal/rendering.rb:36:in `render'
  actionpack (5.0.0.1) lib/action_controller/metal/instrumentation.rb:44:in `block (2 levels) in render'
  activesupport (5.0.0.1) lib/active_support/core_ext/benchmark.rb:12:in `block in ms'
  /usr/local/opt/rbenv/versions/2.3.1/lib/ruby/2.3.0/benchmark.rb:308:in `realtime'
  activesupport (5.0.0.1) lib/active_support/core_ext/benchmark.rb:12:in `ms'
  actionpack (5.0.0.1) lib/action_controller/metal/instrumentation.rb:44:in `block in render'
  actionpack (5.0.0.1) lib/action_controller/metal/instrumentation.rb:87:in `cleanup_view_runtime'
  activerecord (5.0.0.1) lib/active_record/railties/controller_runtime.rb:25:in `cleanup_view_runtime'
  actionpack (5.0.0.1) lib/action_controller/metal/instrumentation.rb:43:in `render'
  /usr/local/Cellar/rbenv/1.0.0/versions/2.3.1/lib/ruby/gems/2.3.0/gems/high_voltage-3.0.0/app/controllers/concerns/high_voltage/static_page.rb:19:in `show'
  actionpack (5.0.0.1) lib/action_controller/metal/basic_implicit_render.rb:4:in `send_action'
  actionpack (5.0.0.1) lib/abstract_controller/base.rb:188:in `process_action'
  actionpack (5.0.0.1) lib/action_controller/metal/rendering.rb:30:in `process_action'
  actionpack (5.0.0.1) lib/abstract_controller/callbacks.rb:20:in `block in process_action'
  activesupport (5.0.0.1) lib/active_support/callbacks.rb:126:in `call'
  activesupport (5.0.0.1) lib/active_support/callbacks.rb:506:in `block (2 levels) in compile'
  activesupport (5.0.0.1) lib/active_support/callbacks.rb:455:in `call'
  activesupport (5.0.0.1) lib/active_support/callbacks.rb:101:in `__run_callbacks__'
  activesupport (5.0.0.1) lib/active_support/callbacks.rb:750:in `_run_process_action_callbacks'
  activesupport (5.0.0.1) lib/active_support/callbacks.rb:90:in `run_callbacks'
  actionpack (5.0.0.1) lib/abstract_controller/callbacks.rb:19:in `process_action'
  actionpack (5.0.0.1) lib/action_controller/metal/rescue.rb:20:in `process_action'
  actionpack (5.0.0.1) lib/action_controller/metal/instrumentation.rb:32:in `block in process_action'
  activesupport (5.0.0.1) lib/active_support/notifications.rb:164:in `block in instrument'
  activesupport (5.0.0.1) lib/active_support/notifications/instrumenter.rb:21:in `instrument'
  activesupport (5.0.0.1) lib/active_support/notifications.rb:164:in `instrument'
  actionpack (5.0.0.1) lib/action_controller/metal/instrumentation.rb:30:in `process_action'
  actionpack (5.0.0.1) lib/action_controller/metal/params_wrapper.rb:248:in `process_action'
  activerecord (5.0.0.1) lib/active_record/railties/controller_runtime.rb:18:in `process_action'
  actionpack (5.0.0.1) lib/abstract_controller/base.rb:126:in `process'
  actionview (5.0.0.1) lib/action_view/rendering.rb:30:in `process'
  actionpack (5.0.0.1) lib/action_controller/metal.rb:190:in `dispatch'
  actionpack (5.0.0.1) lib/action_controller/metal.rb:262:in `dispatch'
  actionpack (5.0.0.1) lib/action_dispatch/routing/route_set.rb:50:in `dispatch'
  actionpack (5.0.0.1) lib/action_dispatch/routing/route_set.rb:32:in `serve'
  actionpack (5.0.0.1) lib/action_dispatch/journey/router.rb:39:in `block in serve'
  actionpack (5.0.0.1) lib/action_dispatch/journey/router.rb:26:in `each'
  actionpack (5.0.0.1) lib/action_dispatch/journey/router.rb:26:in `serve'
  actionpack (5.0.0.1) lib/action_dispatch/routing/route_set.rb:725:in `call'
  warden (1.2.6) lib/warden/manager.rb:35:in `block in call'
  warden (1.2.6) lib/warden/manager.rb:34:in `catch'
  warden (1.2.6) lib/warden/manager.rb:34:in `call'
  rack (2.0.1) lib/rack/etag.rb:25:in `call'
  rack (2.0.1) lib/rack/conditional_get.rb:25:in `call'
  rack (2.0.1) lib/rack/head.rb:12:in `call'
  rack (2.0.1) lib/rack/session/abstract/id.rb:222:in `context'
  rack (2.0.1) lib/rack/session/abstract/id.rb:216:in `call'
  actionpack (5.0.0.1) lib/action_dispatch/middleware/cookies.rb:613:in `call'
  activerecord (5.0.0.1) lib/active_record/migration.rb:552:in `call'
  actionpack (5.0.0.1) lib/action_dispatch/middleware/callbacks.rb:38:in `block in call'
  activesupport (5.0.0.1) lib/active_support/callbacks.rb:97:in `__run_callbacks__'
  activesupport (5.0.0.1) lib/active_support/callbacks.rb:750:in `_run_call_callbacks'
  activesupport (5.0.0.1) lib/active_support/callbacks.rb:90:in `run_callbacks'
  actionpack (5.0.0.1) lib/action_dispatch/middleware/callbacks.rb:36:in `call'
  actionpack (5.0.0.1) lib/action_dispatch/middleware/executor.rb:12:in `call'
  actionpack (5.0.0.1) lib/action_dispatch/middleware/remote_ip.rb:79:in `call'
  better_errors (2.1.1) lib/better_errors/middleware.rb:84:in `protected_app_call'
  better_errors (2.1.1) lib/better_errors/middleware.rb:79:in `better_errors_call'
  better_errors (2.1.1) lib/better_errors/middleware.rb:57:in `call'
  actionpack (5.0.0.1) lib/action_dispatch/middleware/debug_exceptions.rb:49:in `call'
  web-console (3.3.1) lib/web_console/middleware.rb:131:in `call_app'
  web-console (3.3.1) lib/web_console/middleware.rb:28:in `block in call'
  web-console (3.3.1) lib/web_console/middleware.rb:18:in `catch'
  web-console (3.3.1) lib/web_console/middleware.rb:18:in `call'
  actionpack (5.0.0.1) lib/action_dispatch/middleware/show_exceptions.rb:31:in `call'
  railties (5.0.0.1) lib/rails/rack/logger.rb:36:in `call_app'
  railties (5.0.0.1) lib/rails/rack/logger.rb:24:in `block in call'
  activesupport (5.0.0.1) lib/active_support/tagged_logging.rb:70:in `block in tagged'
  activesupport (5.0.0.1) lib/active_support/tagged_logging.rb:26:in `tagged'
  activesupport (5.0.0.1) lib/active_support/tagged_logging.rb:70:in `tagged'
  railties (5.0.0.1) lib/rails/rack/logger.rb:24:in `call'
  sprockets-rails (3.2.0) lib/sprockets/rails/quiet_assets.rb:13:in `call'
  actionpack (5.0.0.1) lib/action_dispatch/middleware/request_id.rb:24:in `call'
  rack (2.0.1) lib/rack/method_override.rb:22:in `call'
  rack (2.0.1) lib/rack/runtime.rb:22:in `call'
  activesupport (5.0.0.1) lib/active_support/cache/strategy/local_cache_middleware.rb:28:in `call'
  actionpack (5.0.0.1) lib/action_dispatch/middleware/executor.rb:12:in `call'
  actionpack (5.0.0.1) lib/action_dispatch/middleware/static.rb:136:in `call'
  rack (2.0.1) lib/rack/sendfile.rb:111:in `call'
  railties (5.0.0.1) lib/rails/engine.rb:522:in `call'
  puma (3.6.0) lib/puma/configuration.rb:225:in `call'
  puma (3.6.0) lib/puma/server.rb:578:in `handle_request'
  puma (3.6.0) lib/puma/server.rb:415:in `process_client'
  puma (3.6.0) lib/puma/server.rb:275:in `block in run'
  puma (3.6.0) lib/puma/thread_pool.rb:116:in `block in spawn_thread'

Started POST "/__better_errors/ba401bd2cf594833/variables" for ::1 at 2016-11-12 16:19:57 +0000
Started GET "/pages/about" for ::1 at 2016-11-12 16:23:35 +0000
  [1m[36mActiveRecord::SchemaMigration Load (0.2ms)[0m  [1m[34mSELECT "schema_migrations".* FROM "schema_migrations"[0m
Processing by HighVoltage::PagesController#show as HTML
  Parameters: {"id"=>"about"}
  Rendering pages/about.html.erb within layouts/application
  Rendered pages/about.html.erb within layouts/application (24.1ms)
  Rendered layouts/_navigation_links.html.erb (1.0ms)
  Rendered layouts/_nav_links_for_auth.html.erb (8.7ms)
  Rendered layouts/_navigation.html.erb (16.8ms)
  Rendered layouts/_messages.html.erb (1.0ms)
Completed 200 OK in 1117ms (Views: 1081.5ms | ActiveRecord: 0.0ms)


Started GET "/" for ::1 at 2016-11-12 16:26:30 +0000
Processing by VisitorsController#index as HTML
  Rendering visitors/index.html.erb within layouts/application
  [1m[35m (0.2ms)[0m  [1m[34mSELECT COUNT(*) FROM "users"[0m
  Rendered visitors/index.html.erb within layouts/application (4.9ms)
  Rendered layouts/_navigation_links.html.erb (1.1ms)
  Rendered layouts/_nav_links_for_auth.html.erb (2.8ms)
  Rendered layouts/_navigation.html.erb (11.3ms)
  Rendered layouts/_messages.html.erb (1.5ms)
Completed 200 OK in 215ms (Views: 211.3ms | ActiveRecord: 0.6ms)


Started GET "/pages/about" for ::1 at 2016-11-12 16:26:32 +0000
Processing by HighVoltage::PagesController#show as HTML
  Parameters: {"id"=>"about"}
  Rendering pages/about.html.erb within layouts/application
  Rendered pages/about.html.erb within layouts/application (25.7ms)
  Rendered layouts/_navigation_links.html.erb (1.4ms)
  Rendered layouts/_nav_links_for_auth.html.erb (2.7ms)
  Rendered layouts/_navigation.html.erb (10.2ms)
  Rendered layouts/_messages.html.erb (0.8ms)
Completed 200 OK in 171ms (Views: 170.0ms | ActiveRecord: 0.0ms)


Started GET "/pages/about" for ::1 at 2016-11-12 16:26:38 +0000
Processing by HighVoltage::PagesController#show as HTML
  Parameters: {"id"=>"about"}
  Rendering pages/about.html.erb within layouts/application
  Rendered pages/about.html.erb within layouts/application (4.3ms)
  Rendered layouts/_navigation_links.html.erb (1.0ms)
  Rendered layouts/_nav_links_for_auth.html.erb (1.6ms)
  Rendered layouts/_navigation.html.erb (8.9ms)
  Rendered layouts/_messages.html.erb (1.0ms)
Completed 200 OK in 118ms (Views: 117.6ms | ActiveRecord: 0.0ms)


Started GET "/pages/about" for ::1 at 2016-11-12 16:26:40 +0000
Processing by HighVoltage::PagesController#show as HTML
  Parameters: {"id"=>"about"}
  Rendering pages/about.html.erb within layouts/application
  Rendered pages/about.html.erb within layouts/application (10.0ms)
  Rendered layouts/_navigation_links.html.erb (0.9ms)
  Rendered layouts/_nav_links_for_auth.html.erb (1.5ms)
  Rendered layouts/_navigation.html.erb (18.7ms)
  Rendered layouts/_messages.html.erb (0.8ms)
Completed 200 OK in 134ms (Views: 133.4ms | ActiveRecord: 0.0ms)


Started GET "/pages/about" for ::1 at 2016-11-12 16:26:43 +0000
Processing by HighVoltage::PagesController#show as HTML
  Parameters: {"id"=>"about"}
  Rendering pages/about.html.erb within layouts/application
  Rendered pages/about.html.erb within layouts/application (3.6ms)
  Rendered layouts/_navigation_links.html.erb (0.7ms)
  Rendered layouts/_nav_links_for_auth.html.erb (2.1ms)
  Rendered layouts/_navigation.html.erb (8.5ms)
  Rendered layouts/_messages.html.erb (0.9ms)
Completed 200 OK in 101ms (Views: 99.9ms | ActiveRecord: 0.0ms)


Started GET "/pages/about" for ::1 at 2016-11-12 16:26:45 +0000
Processing by HighVoltage::PagesController#show as HTML
  Parameters: {"id"=>"about"}
  Rendering pages/about.html.erb within layouts/application
  Rendered pages/about.html.erb within layouts/application (6.7ms)
  Rendered layouts/_navigation_links.html.erb (0.8ms)
  Rendered layouts/_nav_links_for_auth.html.erb (1.5ms)
  Rendered layouts/_navigation.html.erb (8.5ms)
  Rendered layouts/_messages.html.erb (0.8ms)
Completed 200 OK in 102ms (Views: 101.0ms | ActiveRecord: 0.0ms)


Started GET "/pages/about" for ::1 at 2016-11-12 16:26:47 +0000
Processing by HighVoltage::PagesController#show as HTML
  Parameters: {"id"=>"about"}
  Rendering pages/about.html.erb within layouts/application
  Rendered pages/about.html.erb within layouts/application (4.4ms)
  Rendered layouts/_navigation_links.html.erb (0.9ms)
  Rendered layouts/_nav_links_for_auth.html.erb (1.6ms)
  Rendered layouts/_navigation.html.erb (8.4ms)
  Rendered layouts/_messages.html.erb (0.9ms)
Completed 200 OK in 117ms (Views: 115.9ms | ActiveRecord: 0.0ms)


Started GET "/pages/about" for ::1 at 2016-11-12 16:26:49 +0000
Processing by HighVoltage::PagesController#show as HTML
  Parameters: {"id"=>"about"}
  Rendering pages/about.html.erb within layouts/application
  Rendered pages/about.html.erb within layouts/application (3.3ms)
  Rendered layouts/_navigation_links.html.erb (0.9ms)
  Rendered layouts/_nav_links_for_auth.html.erb (1.4ms)
  Rendered layouts/_navigation.html.erb (10.2ms)
  Rendered layouts/_messages.html.erb (0.9ms)
Completed 200 OK in 106ms (Views: 105.6ms | ActiveRecord: 0.0ms)


Started GET "/pages/about" for ::1 at 2016-11-12 16:27:03 +0000
Processing by HighVoltage::PagesController#show as HTML
  Parameters: {"id"=>"about"}
  Rendering pages/about.html.erb within layouts/application
  Rendered pages/about.html.erb within layouts/application (4.2ms)
  Rendered layouts/_navigation_links.html.erb (1.1ms)
  Rendered layouts/_nav_links_for_auth.html.erb (1.7ms)
  Rendered layouts/_navigation.html.erb (20.2ms)
  Rendered layouts/_messages.html.erb (0.9ms)
Completed 200 OK in 116ms (Views: 115.4ms | ActiveRecord: 0.0ms)


Started GET "/pages/about" for ::1 at 2016-11-12 16:27:39 +0000
Processing by HighVoltage::PagesController#show as HTML
  Parameters: {"id"=>"about"}
  Rendering pages/about.html.erb within layouts/application
  Rendered pages/about.html.erb within layouts/application (13.6ms)
  Rendered layouts/_navigation_links.html.erb (0.8ms)
  Rendered layouts/_nav_links_for_auth.html.erb (1.4ms)
  Rendered layouts/_navigation.html.erb (8.2ms)
  Rendered layouts/_messages.html.erb (0.7ms)
Completed 200 OK in 117ms (Views: 115.9ms | ActiveRecord: 0.0ms)


Started GET "/pages/about" for ::1 at 2016-11-12 16:29:20 +0000
Processing by HighVoltage::PagesController#show as HTML
  Parameters: {"id"=>"about"}
  Rendering pages/about.html.erb within layouts/application
  Rendered pages/about.html.erb within layouts/application (6.7ms)
Completed 500 Internal Server Error in 34ms (ActiveRecord: 0.0ms)


DEPRECATION WARNING: #original_exception is deprecated. Use #cause instead. (called from initialize at /usr/local/opt/rbenv/versions/2.3.1/lib/ruby/gems/2.3.0/gems/better_errors-2.1.1/lib/better_errors/raised_exception.rb:7)
DEPRECATION WARNING: #original_exception is deprecated. Use #cause instead. (called from initialize at /usr/local/opt/rbenv/versions/2.3.1/lib/ruby/gems/2.3.0/gems/better_errors-2.1.1/lib/better_errors/raised_exception.rb:8)

NoMethodError - undefined method `now' for Date:Class
Did you mean?  new:
  app/views/pages/about.html.erb:12:in `_app_views_pages_about_html_erb___1928643811635749758_70330034908480'
  actionview (5.0.0.1) lib/action_view/template.rb:158:in `block in render'
  activesupport (5.0.0.1) lib/active_support/notifications.rb:166:in `instrument'
  actionview (5.0.0.1) lib/action_view/template.rb:348:in `instrument'
  actionview (5.0.0.1) lib/action_view/template.rb:156:in `render'
  actionview (5.0.0.1) lib/action_view/renderer/template_renderer.rb:54:in `block (2 levels) in render_template'
  actionview (5.0.0.1) lib/action_view/renderer/abstract_renderer.rb:42:in `block in instrument'
  activesupport (5.0.0.1) lib/active_support/notifications.rb:164:in `block in instrument'
  activesupport (5.0.0.1) lib/active_support/notifications/instrumenter.rb:21:in `instrument'
  activesupport (5.0.0.1) lib/active_support/notifications.rb:164:in `instrument'
  actionview (5.0.0.1) lib/action_view/renderer/abstract_renderer.rb:41:in `instrument'
  actionview (5.0.0.1) lib/action_view/renderer/template_renderer.rb:53:in `block in render_template'
  actionview (5.0.0.1) lib/action_view/renderer/template_renderer.rb:61:in `render_with_layout'
  actionview (5.0.0.1) lib/action_view/renderer/template_renderer.rb:52:in `render_template'
  actionview (5.0.0.1) lib/action_view/renderer/template_renderer.rb:14:in `render'
  actionview (5.0.0.1) lib/action_view/renderer/renderer.rb:42:in `render_template'
  actionview (5.0.0.1) lib/action_view/renderer/renderer.rb:23:in `render'
  actionview (5.0.0.1) lib/action_view/rendering.rb:103:in `_render_template'
  actionpack (5.0.0.1) lib/action_controller/metal/streaming.rb:217:in `_render_template'
  actionview (5.0.0.1) lib/action_view/rendering.rb:83:in `render_to_body'
  actionpack (5.0.0.1) lib/action_controller/metal/rendering.rb:52:in `render_to_body'
  actionpack (5.0.0.1) lib/action_controller/metal/renderers.rb:144:in `render_to_body'
  actionpack (5.0.0.1) lib/abstract_controller/rendering.rb:26:in `render'
  actionpack (5.0.0.1) lib/action_controller/metal/rendering.rb:36:in `render'
  actionpack (5.0.0.1) lib/action_controller/metal/instrumentation.rb:44:in `block (2 levels) in render'
  activesupport (5.0.0.1) lib/active_support/core_ext/benchmark.rb:12:in `block in ms'
  /usr/local/opt/rbenv/versions/2.3.1/lib/ruby/2.3.0/benchmark.rb:308:in `realtime'
  activesupport (5.0.0.1) lib/active_support/core_ext/benchmark.rb:12:in `ms'
  actionpack (5.0.0.1) lib/action_controller/metal/instrumentation.rb:44:in `block in render'
  actionpack (5.0.0.1) lib/action_controller/metal/instrumentation.rb:87:in `cleanup_view_runtime'
  activerecord (5.0.0.1) lib/active_record/railties/controller_runtime.rb:25:in `cleanup_view_runtime'
  actionpack (5.0.0.1) lib/action_controller/metal/instrumentation.rb:43:in `render'
  /usr/local/Cellar/rbenv/1.0.0/versions/2.3.1/lib/ruby/gems/2.3.0/gems/high_voltage-3.0.0/app/controllers/concerns/high_voltage/static_page.rb:19:in `show'
  actionpack (5.0.0.1) lib/action_controller/metal/basic_implicit_render.rb:4:in `send_action'
  actionpack (5.0.0.1) lib/abstract_controller/base.rb:188:in `process_action'
  actionpack (5.0.0.1) lib/action_controller/metal/rendering.rb:30:in `process_action'
  actionpack (5.0.0.1) lib/abstract_controller/callbacks.rb:20:in `block in process_action'
  activesupport (5.0.0.1) lib/active_support/callbacks.rb:126:in `call'
  activesupport (5.0.0.1) lib/active_support/callbacks.rb:506:in `block (2 levels) in compile'
  activesupport (5.0.0.1) lib/active_support/callbacks.rb:455:in `call'
  activesupport (5.0.0.1) lib/active_support/callbacks.rb:101:in `__run_callbacks__'
  activesupport (5.0.0.1) lib/active_support/callbacks.rb:750:in `_run_process_action_callbacks'
  activesupport (5.0.0.1) lib/active_support/callbacks.rb:90:in `run_callbacks'
  actionpack (5.0.0.1) lib/abstract_controller/callbacks.rb:19:in `process_action'
  actionpack (5.0.0.1) lib/action_controller/metal/rescue.rb:20:in `process_action'
  actionpack (5.0.0.1) lib/action_controller/metal/instrumentation.rb:32:in `block in process_action'
  activesupport (5.0.0.1) lib/active_support/notifications.rb:164:in `block in instrument'
  activesupport (5.0.0.1) lib/active_support/notifications/instrumenter.rb:21:in `instrument'
  activesupport (5.0.0.1) lib/active_support/notifications.rb:164:in `instrument'
  actionpack (5.0.0.1) lib/action_controller/metal/instrumentation.rb:30:in `process_action'
  actionpack (5.0.0.1) lib/action_controller/metal/params_wrapper.rb:248:in `process_action'
  activerecord (5.0.0.1) lib/active_record/railties/controller_runtime.rb:18:in `process_action'
  actionpack (5.0.0.1) lib/abstract_controller/base.rb:126:in `process'
  actionview (5.0.0.1) lib/action_view/rendering.rb:30:in `process'
  actionpack (5.0.0.1) lib/action_controller/metal.rb:190:in `dispatch'
  actionpack (5.0.0.1) lib/action_controller/metal.rb:262:in `dispatch'
  actionpack (5.0.0.1) lib/action_dispatch/routing/route_set.rb:50:in `dispatch'
  actionpack (5.0.0.1) lib/action_dispatch/routing/route_set.rb:32:in `serve'
  actionpack (5.0.0.1) lib/action_dispatch/journey/router.rb:39:in `block in serve'
  actionpack (5.0.0.1) lib/action_dispatch/journey/router.rb:26:in `each'
  actionpack (5.0.0.1) lib/action_dispatch/journey/router.rb:26:in `serve'
  actionpack (5.0.0.1) lib/action_dispatch/routing/route_set.rb:725:in `call'
  warden (1.2.6) lib/warden/manager.rb:35:in `block in call'
  warden (1.2.6) lib/warden/manager.rb:34:in `catch'
  warden (1.2.6) lib/warden/manager.rb:34:in `call'
  rack (2.0.1) lib/rack/etag.rb:25:in `call'
  rack (2.0.1) lib/rack/conditional_get.rb:25:in `call'
  rack (2.0.1) lib/rack/head.rb:12:in `call'
  rack (2.0.1) lib/rack/session/abstract/id.rb:222:in `context'
  rack (2.0.1) lib/rack/session/abstract/id.rb:216:in `call'
  actionpack (5.0.0.1) lib/action_dispatch/middleware/cookies.rb:613:in `call'
  activerecord (5.0.0.1) lib/active_record/migration.rb:552:in `call'
  actionpack (5.0.0.1) lib/action_dispatch/middleware/callbacks.rb:38:in `block in call'
  activesupport (5.0.0.1) lib/active_support/callbacks.rb:97:in `__run_callbacks__'
  activesupport (5.0.0.1) lib/active_support/callbacks.rb:750:in `_run_call_callbacks'
  activesupport (5.0.0.1) lib/active_support/callbacks.rb:90:in `run_callbacks'
  actionpack (5.0.0.1) lib/action_dispatch/middleware/callbacks.rb:36:in `call'
  actionpack (5.0.0.1) lib/action_dispatch/middleware/executor.rb:12:in `call'
  actionpack (5.0.0.1) lib/action_dispatch/middleware/remote_ip.rb:79:in `call'
  better_errors (2.1.1) lib/better_errors/middleware.rb:84:in `protected_app_call'
  better_errors (2.1.1) lib/better_errors/middleware.rb:79:in `better_errors_call'
  better_errors (2.1.1) lib/better_errors/middleware.rb:57:in `call'
  actionpack (5.0.0.1) lib/action_dispatch/middleware/debug_exceptions.rb:49:in `call'
  web-console (3.3.1) lib/web_console/middleware.rb:131:in `call_app'
  web-console (3.3.1) lib/web_console/middleware.rb:28:in `block in call'
  web-console (3.3.1) lib/web_console/middleware.rb:18:in `catch'
  web-console (3.3.1) lib/web_console/middleware.rb:18:in `call'
  actionpack (5.0.0.1) lib/action_dispatch/middleware/show_exceptions.rb:31:in `call'
  railties (5.0.0.1) lib/rails/rack/logger.rb:36:in `call_app'
  railties (5.0.0.1) lib/rails/rack/logger.rb:24:in `block in call'
  activesupport (5.0.0.1) lib/active_support/tagged_logging.rb:70:in `block in tagged'
  activesupport (5.0.0.1) lib/active_support/tagged_logging.rb:26:in `tagged'
  activesupport (5.0.0.1) lib/active_support/tagged_logging.rb:70:in `tagged'
  railties (5.0.0.1) lib/rails/rack/logger.rb:24:in `call'
  sprockets-rails (3.2.0) lib/sprockets/rails/quiet_assets.rb:13:in `call'
  actionpack (5.0.0.1) lib/action_dispatch/middleware/request_id.rb:24:in `call'
  rack (2.0.1) lib/rack/method_override.rb:22:in `call'
  rack (2.0.1) lib/rack/runtime.rb:22:in `call'
  activesupport (5.0.0.1) lib/active_support/cache/strategy/local_cache_middleware.rb:28:in `call'
  actionpack (5.0.0.1) lib/action_dispatch/middleware/executor.rb:12:in `call'
  actionpack (5.0.0.1) lib/action_dispatch/middleware/static.rb:136:in `call'
  rack (2.0.1) lib/rack/sendfile.rb:111:in `call'
  railties (5.0.0.1) lib/rails/engine.rb:522:in `call'
  puma (3.6.0) lib/puma/configuration.rb:225:in `call'
  puma (3.6.0) lib/puma/server.rb:578:in `handle_request'
  puma (3.6.0) lib/puma/server.rb:415:in `process_client'
  puma (3.6.0) lib/puma/server.rb:275:in `block in run'
  puma (3.6.0) lib/puma/thread_pool.rb:116:in `block in spawn_thread'

Started POST "/__better_errors/67c8262cfb99271e/variables" for ::1 at 2016-11-12 16:29:20 +0000
Started GET "/pages/about" for ::1 at 2016-11-12 16:29:34 +0000
Processing by HighVoltage::PagesController#show as HTML
  Parameters: {"id"=>"about"}
  Rendering pages/about.html.erb within layouts/application
  Rendered pages/about.html.erb within layouts/application (1.6ms)
  Rendered layouts/_navigation_links.html.erb (0.7ms)
  Rendered layouts/_nav_links_for_auth.html.erb (1.3ms)
  Rendered layouts/_navigation.html.erb (9.5ms)
  Rendered layouts/_messages.html.erb (0.8ms)
Completed 200 OK in 200ms (Views: 199.6ms | ActiveRecord: 0.0ms)


Started GET "/" for ::1 at 2016-11-12 16:30:07 +0000
Processing by VisitorsController#index as HTML
  Rendering visitors/index.html.erb within layouts/application
  [1m[35m (0.2ms)[0m  [1m[34mSELECT COUNT(*) FROM "users"[0m
  Rendered visitors/index.html.erb within layouts/application (1.7ms)
  Rendered layouts/_navigation_links.html.erb (0.8ms)
  Rendered layouts/_nav_links_for_auth.html.erb (1.5ms)
  Rendered layouts/_navigation.html.erb (8.3ms)
  Rendered layouts/_messages.html.erb (0.8ms)
Completed 200 OK in 99ms (Views: 95.7ms | ActiveRecord: 0.2ms)


Started GET "/pages/about" for ::1 at 2016-11-12 16:30:12 +0000
Processing by HighVoltage::PagesController#show as HTML
  Parameters: {"id"=>"about"}
  Rendering pages/about.html.erb within layouts/application
  Rendered pages/about.html.erb within layouts/application (0.8ms)
  Rendered layouts/_navigation_links.html.erb (0.8ms)
  Rendered layouts/_nav_links_for_auth.html.erb (1.5ms)
  Rendered layouts/_navigation.html.erb (8.4ms)
  Rendered layouts/_messages.html.erb (0.9ms)
Completed 200 OK in 111ms (Views: 109.7ms | ActiveRecord: 0.0ms)


  [1m[36mActiveRecord::SchemaMigration Load (27.7ms)[0m  [1m[34mSELECT "schema_migrations".* FROM "schema_migrations"[0m
  [1m[36mActiveRecord::InternalMetadata Load (19.8ms)[0m  [1m[34mSELECT  "ar_internal_metadata".* FROM "ar_internal_metadata" WHERE "ar_internal_metadata"."key" = ? LIMIT ?[0m  [["key", :environment], ["LIMIT", 1]]
  [1m[35m (0.1ms)[0m  [1m[36mbegin transaction[0m
  [1m[35m (0.1ms)[0m  [1m[36mcommit transaction[0m
  [1m[36mActiveRecord::SchemaMigration Load (0.2ms)[0m  [1m[34mSELECT "schema_migrations".* FROM "schema_migrations"[0m
  [1m[35m (0.2ms)[0m  [1m[34m            SELECT sql
            FROM sqlite_master
            WHERE name='index_users_on_reset_password_token' AND type='index'
            UNION ALL
            SELECT sql
            FROM sqlite_temp_master
            WHERE name='index_users_on_reset_password_token' AND type='index'
[0m
  [1m[35m (0.2ms)[0m  [1m[34m            SELECT sql
            FROM sqlite_master
            WHERE name='index_users_on_email' AND type='index'
            UNION ALL
            SELECT sql
            FROM sqlite_temp_master
            WHERE name='index_users_on_email' AND type='index'
[0m
